[LOG]# [2024:09:11:09-008]  ThreadID:1 >>> LogUtils Initialization Completed
<- - - - - - - - - - - - - - - - - - - - - - - - - - - - - - - - - - - - - - - - - - - - - - - - - - - - - - - - - - - - - - - - - - - - - - - - - - - - - - - - - - - - - - - - - - - - - - - ->
[LOG]# [2024:09:11:09-020]  ThreadID:1 >>> Server Start
<- - - - - - - - - - - - - - - - - - - - - - - - - - - - - - - - - - - - - - - - - - - - - - - - - - - - - - - - - - - - - - - - - - - - - - - - - - - - - - - - - - - - - - - - - - - - - - - ->
[LOG]# [2024:09:11:09-024]  ThreadID:1 >>> ArchiveManager Initialization Completed
<- - - - - - - - - - - - - - - - - - - - - - - - - - - - - - - - - - - - - - - - - - - - - - - - - - - - - - - - - - - - - - - - - - - - - - - - - - - - - - - - - - - - - - - - - - - - - - - ->
[LOG]# [2024:09:11:09-024]  ThreadID:1 >>> MessageManager Initialization Completed
<- - - - - - - - - - - - - - - - - - - - - - - - - - - - - - - - - - - - - - - - - - - - - - - - - - - - - - - - - - - - - - - - - - - - - - - - - - - - - - - - - - - - - - - - - - - - - - - ->
[LOG]# [2024:09:11:09-040]  ThreadID:1 >>> DatabaseUser Initialization Completed
<- - - - - - - - - - - - - - - - - - - - - - - - - - - - - - - - - - - - - - - - - - - - - - - - - - - - - - - - - - - - - - - - - - - - - - - - - - - - - - - - - - - - - - - - - - - - - - - ->
[LOG]# [2024:09:11:09-040]  ThreadID:1 >>> BufferEntityFactory Initialization Completed
<- - - - - - - - - - - - - - - - - - - - - - - - - - - - - - - - - - - - - - - - - - - - - - - - - - - - - - - - - - - - - - - - - - - - - - - - - - - - - - - - - - - - - - - - - - - - - - - ->
[LOG]# [2024:09:11:09-369]  ThreadID:1 >>> True
<- - - - - - - - - - - - - - - - - - - - - - - - - - - - - - - - - - - - - - - - - - - - - - - - - - - - - - - - - - - - - - - - - - - - - - - - - - - - - - - - - - - - - - - - - - - - - - - ->
[LOG]# [2024:09:11:09-371]  ThreadID:1 >>> Start listening on the port : 32510
<- - - - - - - - - - - - - - - - - - - - - - - - - - - - - - - - - - - - - - - - - - - - - - - - - - - - - - - - - - - - - - - - - - - - - - - - - - - - - - - - - - - - - - - - - - - - - - - ->
[LOG]# [2024:09:11:09-379]  ThreadID:10 >>> worker thread start
<- - - - - - - - - - - - - - - - - - - - - - - - - - - - - - - - - - - - - - - - - - - - - - - - - - - - - - - - - - - - - - - - - - - - - - - - - - - - - - - - - - - - - - - - - - - - - - - ->
[LOG]# [2024:09:11:09-379]  ThreadID:11 >>> worker thread start
<- - - - - - - - - - - - - - - - - - - - - - - - - - - - - - - - - - - - - - - - - - - - - - - - - - - - - - - - - - - - - - - - - - - - - - - - - - - - - - - - - - - - - - - - - - - - - - - ->
[LOG]# [2024:09:11:09-380]  ThreadID:5 >>> worker thread start
<- - - - - - - - - - - - - - - - - - - - - - - - - - - - - - - - - - - - - - - - - - - - - - - - - - - - - - - - - - - - - - - - - - - - - - - - - - - - - - - - - - - - - - - - - - - - - - - ->
[LOG]# [2024:09:11:09-380]  ThreadID:7 >>> worker thread start
<- - - - - - - - - - - - - - - - - - - - - - - - - - - - - - - - - - - - - - - - - - - - - - - - - - - - - - - - - - - - - - - - - - - - - - - - - - - - - - - - - - - - - - - - - - - - - - - ->
[LOG]# [2024:09:11:09-486]  ThreadID:1 >>> Proto.HeartBeatRequest:1
<- - - - - - - - - - - - - - - - - - - - - - - - - - - - - - - - - - - - - - - - - - - - - - - - - - - - - - - - - - - - - - - - - - - - - - - - - - - - - - - - - - - - - - - - - - - - - - - ->
[LOG]# [2024:09:11:09-486]  ThreadID:1 >>> The network service is started
<- - - - - - - - - - - - - - - - - - - - - - - - - - - - - - - - - - - - - - - - - - - - - - - - - - - - - - - - - - - - - - - - - - - - - - - - - - - - - - - - - - - - - - - - - - - - - - - ->
