[LOG]# [2024:09:38:57-926]  ThreadID:1 >>> LogUtils Initialization Completed
<- - - - - - - - - - - - - - - - - - - - - - - - - - - - - - - - - - - - - - - - - - - - - - - - - - - - - - - - - - - - - - - - - - - - - - - - - - - - - - - - - - - - - - - - - - - - - - - ->
[LOG]# [2024:09:38:58-010]  ThreadID:1 >>> Server Start
<- - - - - - - - - - - - - - - - - - - - - - - - - - - - - - - - - - - - - - - - - - - - - - - - - - - - - - - - - - - - - - - - - - - - - - - - - - - - - - - - - - - - - - - - - - - - - - - ->
[LOG]# [2024:09:38:58-120]  ThreadID:1 >>> ArchiveManager Initialization Completed
<- - - - - - - - - - - - - - - - - - - - - - - - - - - - - - - - - - - - - - - - - - - - - - - - - - - - - - - - - - - - - - - - - - - - - - - - - - - - - - - - - - - - - - - - - - - - - - - ->
[LOG]# [2024:09:38:58-121]  ThreadID:1 >>> MessageRouter Initialization Completed
<- - - - - - - - - - - - - - - - - - - - - - - - - - - - - - - - - - - - - - - - - - - - - - - - - - - - - - - - - - - - - - - - - - - - - - - - - - - - - - - - - - - - - - - - - - - - - - - ->
[LOG]# [2024:09:38:58-355]  ThreadID:1 >>> Start listening on the port : 32510
<- - - - - - - - - - - - - - - - - - - - - - - - - - - - - - - - - - - - - - - - - - - - - - - - - - - - - - - - - - - - - - - - - - - - - - - - - - - - - - - - - - - - - - - - - - - - - - - ->
[LOG]# [2024:09:38:58-388]  ThreadID:11 >>> worker thread start
<- - - - - - - - - - - - - - - - - - - - - - - - - - - - - - - - - - - - - - - - - - - - - - - - - - - - - - - - - - - - - - - - - - - - - - - - - - - - - - - - - - - - - - - - - - - - - - - ->
[LOG]# [2024:09:38:58-388]  ThreadID:10 >>> worker thread start
<- - - - - - - - - - - - - - - - - - - - - - - - - - - - - - - - - - - - - - - - - - - - - - - - - - - - - - - - - - - - - - - - - - - - - - - - - - - - - - - - - - - - - - - - - - - - - - - ->
[LOG]# [2024:09:38:58-389]  ThreadID:7 >>> worker thread start
<- - - - - - - - - - - - - - - - - - - - - - - - - - - - - - - - - - - - - - - - - - - - - - - - - - - - - - - - - - - - - - - - - - - - - - - - - - - - - - - - - - - - - - - - - - - - - - - ->
[LOG]# [2024:09:38:58-389]  ThreadID:5 >>> worker thread start
<- - - - - - - - - - - - - - - - - - - - - - - - - - - - - - - - - - - - - - - - - - - - - - - - - - - - - - - - - - - - - - - - - - - - - - - - - - - - - - - - - - - - - - - - - - - - - - - ->
[LOG]# [2024:09:38:58-492]  ThreadID:1 >>> Proto.HeartBeatRequest:1
<- - - - - - - - - - - - - - - - - - - - - - - - - - - - - - - - - - - - - - - - - - - - - - - - - - - - - - - - - - - - - - - - - - - - - - - - - - - - - - - - - - - - - - - - - - - - - - - ->
[LOG]# [2024:09:38:58-492]  ThreadID:1 >>> The network service is started
<- - - - - - - - - - - - - - - - - - - - - - - - - - - - - - - - - - - - - - - - - - - - - - - - - - - - - - - - - - - - - - - - - - - - - - - - - - - - - - - - - - - - - - - - - - - - - - - ->
[LOG]# [2024:09:39:15-367]  ThreadID:12 >>> Client access
<- - - - - - - - - - - - - - - - - - - - - - - - - - - - - - - - - - - - - - - - - - - - - - - - - - - - - - - - - - - - - - - - - - - - - - - - - - - - - - - - - - - - - - - - - - - - - - - ->
[LOG]# [2024:09:39:16-915]  ThreadID:12 >>> Proto Type registry：10000 - proto.Vec3
<- - - - - - - - - - - - - - - - - - - - - - - - - - - - - - - - - - - - - - - - - - - - - - - - - - - - - - - - - - - - - - - - - - - - - - - - - - - - - - - - - - - - - - - - - - - - - - - ->
[LOG]# [2024:09:39:16-915]  ThreadID:12 >>> Proto Type registry：10001 - proto.Damage
<- - - - - - - - - - - - - - - - - - - - - - - - - - - - - - - - - - - - - - - - - - - - - - - - - - - - - - - - - - - - - - - - - - - - - - - - - - - - - - - - - - - - - - - - - - - - - - - ->
[LOG]# [2024:09:39:16-915]  ThreadID:12 >>> Proto Type registry：10002 - proto.CastInfo
<- - - - - - - - - - - - - - - - - - - - - - - - - - - - - - - - - - - - - - - - - - - - - - - - - - - - - - - - - - - - - - - - - - - - - - - - - - - - - - - - - - - - - - - - - - - - - - - ->
[LOG]# [2024:09:39:16-915]  ThreadID:12 >>> Proto Type registry：10003 - proto.ItemInfo
<- - - - - - - - - - - - - - - - - - - - - - - - - - - - - - - - - - - - - - - - - - - - - - - - - - - - - - - - - - - - - - - - - - - - - - - - - - - - - - - - - - - - - - - - - - - - - - - ->
[LOG]# [2024:09:39:16-916]  ThreadID:12 >>> Proto Type registry：10004 - proto.NetActor
<- - - - - - - - - - - - - - - - - - - - - - - - - - - - - - - - - - - - - - - - - - - - - - - - - - - - - - - - - - - - - - - - - - - - - - - - - - - - - - - - - - - - - - - - - - - - - - - ->
[LOG]# [2024:09:39:16-916]  ThreadID:12 >>> Proto Type registry：10005 - proto.NetEntity
<- - - - - - - - - - - - - - - - - - - - - - - - - - - - - - - - - - - - - - - - - - - - - - - - - - - - - - - - - - - - - - - - - - - - - - - - - - - - - - - - - - - - - - - - - - - - - - - ->
[LOG]# [2024:09:39:16-916]  ThreadID:12 >>> Proto Type registry：10006 - proto.SkillInfo
<- - - - - - - - - - - - - - - - - - - - - - - - - - - - - - - - - - - - - - - - - - - - - - - - - - - - - - - - - - - - - - - - - - - - - - - - - - - - - - - - - - - - - - - - - - - - - - - ->
[LOG]# [2024:09:39:16-916]  ThreadID:12 >>> Proto Type registry：10007 - proto.ItemUpdate
<- - - - - - - - - - - - - - - - - - - - - - - - - - - - - - - - - - - - - - - - - - - - - - - - - - - - - - - - - - - - - - - - - - - - - - - - - - - - - - - - - - - - - - - - - - - - - - - ->
[LOG]# [2024:09:39:16-916]  ThreadID:12 >>> Proto Type registry：10008 - summer.proto.Rpc
<- - - - - - - - - - - - - - - - - - - - - - - - - - - - - - - - - - - - - - - - - - - - - - - - - - - - - - - - - - - - - - - - - - - - - - - - - - - - - - - - - - - - - - - - - - - - - - - ->
[LOG]# [2024:09:39:16-916]  ThreadID:12 >>> Proto Type registry：10009 - proto.ChatRequest
<- - - - - - - - - - - - - - - - - - - - - - - - - - - - - - - - - - - - - - - - - - - - - - - - - - - - - - - - - - - - - - - - - - - - - - - - - - - - - - - - - - - - - - - - - - - - - - - ->
[LOG]# [2024:09:39:16-916]  ThreadID:12 >>> Proto Type registry：10010 - proto.ChatResponse
<- - - - - - - - - - - - - - - - - - - - - - - - - - - - - - - - - - - - - - - - - - - - - - - - - - - - - - - - - - - - - - - - - - - - - - - - - - - - - - - - - - - - - - - - - - - - - - - ->
[LOG]# [2024:09:39:16-916]  ThreadID:12 >>> Proto Type registry：10011 - proto.SpellRequest
<- - - - - - - - - - - - - - - - - - - - - - - - - - - - - - - - - - - - - - - - - - - - - - - - - - - - - - - - - - - - - - - - - - - - - - - - - - - - - - - - - - - - - - - - - - - - - - - ->
[LOG]# [2024:09:39:16-916]  ThreadID:12 >>> Proto Type registry：10012 - proto.InventoryInfo
<- - - - - - - - - - - - - - - - - - - - - - - - - - - - - - - - - - - - - - - - - - - - - - - - - - - - - - - - - - - - - - - - - - - - - - - - - - - - - - - - - - - - - - - - - - - - - - - ->
[LOG]# [2024:09:39:16-916]  ThreadID:12 >>> Proto Type registry：10013 - proto.NetEntitySync
<- - - - - - - - - - - - - - - - - - - - - - - - - - - - - - - - - - - - - - - - - - - - - - - - - - - - - - - - - - - - - - - - - - - - - - - - - - - - - - - - - - - - - - - - - - - - - - - ->
[LOG]# [2024:09:39:16-916]  ThreadID:12 >>> Proto Type registry：10014 - proto.ReviveRequest
<- - - - - - - - - - - - - - - - - - - - - - - - - - - - - - - - - - - - - - - - - - - - - - - - - - - - - - - - - - - - - - - - - - - - - - - - - - - - - - - - - - - - - - - - - - - - - - - ->
[LOG]# [2024:09:39:16-916]  ThreadID:12 >>> Proto Type registry：10015 - proto.SpellResponse
<- - - - - - - - - - - - - - - - - - - - - - - - - - - - - - - - - - - - - - - - - - - - - - - - - - - - - - - - - - - - - - - - - - - - - - - - - - - - - - - - - - - - - - - - - - - - - - - ->
[LOG]# [2024:09:39:16-916]  ThreadID:12 >>> Proto Type registry：10016 - proto.DamageResponse
<- - - - - - - - - - - - - - - - - - - - - - - - - - - - - - - - - - - - - - - - - - - - - - - - - - - - - - - - - - - - - - - - - - - - - - - - - - - - - - - - - - - - - - - - - - - - - - - ->
[LOG]# [2024:09:39:16-916]  ThreadID:12 >>> Proto Type registry：10017 - proto.ItemUseRequest
<- - - - - - - - - - - - - - - - - - - - - - - - - - - - - - - - - - - - - - - - - - - - - - - - - - - - - - - - - - - - - - - - - - - - - - - - - - - - - - - - - - - - - - - - - - - - - - - ->
[LOG]# [2024:09:39:16-916]  ThreadID:12 >>> Proto Type registry：10018 - proto.PropertyUpdate
<- - - - - - - - - - - - - - - - - - - - - - - - - - - - - - - - - - - - - - - - - - - - - - - - - - - - - - - - - - - - - - - - - - - - - - - - - - - - - - - - - - - - - - - - - - - - - - - ->
[LOG]# [2024:09:39:16-916]  ThreadID:12 >>> Proto Type registry：10019 - summer.proto.Vector3
<- - - - - - - - - - - - - - - - - - - - - - - - - - - - - - - - - - - - - - - - - - - - - - - - - - - - - - - - - - - - - - - - - - - - - - - - - - - - - - - - - - - - - - - - - - - - - - - ->
[LOG]# [2024:09:39:16-916]  ThreadID:12 >>> Proto Type registry：10020 - proto.GameEnterRequest
<- - - - - - - - - - - - - - - - - - - - - - - - - - - - - - - - - - - - - - - - - - - - - - - - - - - - - - - - - - - - - - - - - - - - - - - - - - - - - - - - - - - - - - - - - - - - - - - ->
[LOG]# [2024:09:39:16-916]  ThreadID:12 >>> Proto Type registry：10021 - proto.HeartBeatRequest
<- - - - - - - - - - - - - - - - - - - - - - - - - - - - - - - - - - - - - - - - - - - - - - - - - - - - - - - - - - - - - - - - - - - - - - - - - - - - - - - - - - - - - - - - - - - - - - - ->
[LOG]# [2024:09:39:16-916]  ThreadID:12 >>> Proto Type registry：10022 - proto.InventoryRequest
<- - - - - - - - - - - - - - - - - - - - - - - - - - - - - - - - - - - - - - - - - - - - - - - - - - - - - - - - - - - - - - - - - - - - - - - - - - - - - - - - - - - - - - - - - - - - - - - ->
[LOG]# [2024:09:39:16-916]  ThreadID:12 >>> Proto Type registry：10023 - proto.UserLoginRequest
<- - - - - - - - - - - - - - - - - - - - - - - - - - - - - - - - - - - - - - - - - - - - - - - - - - - - - - - - - - - - - - - - - - - - - - - - - - - - - - - - - - - - - - - - - - - - - - - ->
[LOG]# [2024:09:39:16-916]  ThreadID:12 >>> Proto Type registry：10024 - proto.GameEnterResponse
<- - - - - - - - - - - - - - - - - - - - - - - - - - - - - - - - - - - - - - - - - - - - - - - - - - - - - - - - - - - - - - - - - - - - - - - - - - - - - - - - - - - - - - - - - - - - - - - ->
[LOG]# [2024:09:39:16-916]  ThreadID:12 >>> Proto Type registry：10025 - proto.HeartBeatResponse
<- - - - - - - - - - - - - - - - - - - - - - - - - - - - - - - - - - - - - - - - - - - - - - - - - - - - - - - - - - - - - - - - - - - - - - - - - - - - - - - - - - - - - - - - - - - - - - - ->
[LOG]# [2024:09:39:16-917]  ThreadID:12 >>> Proto Type registry：10026 - proto.InventoryResponse
<- - - - - - - - - - - - - - - - - - - - - - - - - - - - - - - - - - - - - - - - - - - - - - - - - - - - - - - - - - - - - - - - - - - - - - - - - - - - - - - - - - - - - - - - - - - - - - - ->
[LOG]# [2024:09:39:16-917]  ThreadID:12 >>> Proto Type registry：10027 - proto.PickupItemRequest
<- - - - - - - - - - - - - - - - - - - - - - - - - - - - - - - - - - - - - - - - - - - - - - - - - - - - - - - - - - - - - - - - - - - - - - - - - - - - - - - - - - - - - - - - - - - - - - - ->
[LOG]# [2024:09:39:16-917]  ThreadID:12 >>> Proto Type registry：10028 - proto.SpellFailResponse
<- - - - - - - - - - - - - - - - - - - - - - - - - - - - - - - - - - - - - - - - - - - - - - - - - - - - - - - - - - - - - - - - - - - - - - - - - - - - - - - - - - - - - - - - - - - - - - - ->
[LOG]# [2024:09:39:16-917]  ThreadID:12 >>> Proto Type registry：10029 - proto.UserLoginResponse
<- - - - - - - - - - - - - - - - - - - - - - - - - - - - - - - - - - - - - - - - - - - - - - - - - - - - - - - - - - - - - - - - - - - - - - - - - - - - - - - - - - - - - - - - - - - - - - - ->
[LOG]# [2024:09:39:16-917]  ThreadID:12 >>> Proto Type registry：10030 - proto.EntitySyncResponse
<- - - - - - - - - - - - - - - - - - - - - - - - - - - - - - - - - - - - - - - - - - - - - - - - - - - - - - - - - - - - - - - - - - - - - - - - - - - - - - - - - - - - - - - - - - - - - - - ->
[LOG]# [2024:09:39:16-917]  ThreadID:12 >>> Proto Type registry：10031 - proto.ItemDiscardRequest
<- - - - - - - - - - - - - - - - - - - - - - - - - - - - - - - - - - - - - - - - - - - - - - - - - - - - - - - - - - - - - - - - - - - - - - - - - - - - - - - - - - - - - - - - - - - - - - - ->
[LOG]# [2024:09:39:16-917]  ThreadID:12 >>> Proto Type registry：10032 - proto.SpaceEnterResponse
<- - - - - - - - - - - - - - - - - - - - - - - - - - - - - - - - - - - - - - - - - - - - - - - - - - - - - - - - - - - - - - - - - - - - - - - - - - - - - - - - - - - - - - - - - - - - - - - ->
[LOG]# [2024:09:39:16-917]  ThreadID:12 >>> Proto Type registry：10033 - proto.EntityEnterResponse
<- - - - - - - - - - - - - - - - - - - - - - - - - - - - - - - - - - - - - - - - - - - - - - - - - - - - - - - - - - - - - - - - - - - - - - - - - - - - - - - - - - - - - - - - - - - - - - - ->
[LOG]# [2024:09:39:16-917]  ThreadID:12 >>> Proto Type registry：10034 - proto.UserRegisterRequest
<- - - - - - - - - - - - - - - - - - - - - - - - - - - - - - - - - - - - - - - - - - - - - - - - - - - - - - - - - - - - - - - - - - - - - - - - - - - - - - - - - - - - - - - - - - - - - - - ->
[LOG]# [2024:09:39:16-917]  ThreadID:12 >>> Proto Type registry：10035 - proto.CharacterListRequest
<- - - - - - - - - - - - - - - - - - - - - - - - - - - - - - - - - - - - - - - - - - - - - - - - - - - - - - - - - - - - - - - - - - - - - - - - - - - - - - - - - - - - - - - - - - - - - - - ->
[LOG]# [2024:09:39:16-917]  ThreadID:12 >>> Proto Type registry：10036 - proto.ItemPlacementRequest
<- - - - - - - - - - - - - - - - - - - - - - - - - - - - - - - - - - - - - - - - - - - - - - - - - - - - - - - - - - - - - - - - - - - - - - - - - - - - - - - - - - - - - - - - - - - - - - - ->
[LOG]# [2024:09:39:16-917]  ThreadID:12 >>> Proto Type registry：10037 - proto.UserRegisterResponse
<- - - - - - - - - - - - - - - - - - - - - - - - - - - - - - - - - - - - - - - - - - - - - - - - - - - - - - - - - - - - - - - - - - - - - - - - - - - - - - - - - - - - - - - - - - - - - - - ->
[LOG]# [2024:09:39:16-917]  ThreadID:12 >>> Proto Type registry：10038 - proto.CharacterListResponse
<- - - - - - - - - - - - - - - - - - - - - - - - - - - - - - - - - - - - - - - - - - - - - - - - - - - - - - - - - - - - - - - - - - - - - - - - - - - - - - - - - - - - - - - - - - - - - - - ->
[LOG]# [2024:09:39:16-917]  ThreadID:12 >>> Proto Type registry：10039 - proto.CharacterCreateRequest
<- - - - - - - - - - - - - - - - - - - - - - - - - - - - - - - - - - - - - - - - - - - - - - - - - - - - - - - - - - - - - - - - - - - - - - - - - - - - - - - - - - - - - - - - - - - - - - - ->
[LOG]# [2024:09:39:16-917]  ThreadID:12 >>> Proto Type registry：10040 - proto.CharacterDeleteRequest
<- - - - - - - - - - - - - - - - - - - - - - - - - - - - - - - - - - - - - - - - - - - - - - - - - - - - - - - - - - - - - - - - - - - - - - - - - - - - - - - - - - - - - - - - - - - - - - - ->
[LOG]# [2024:09:39:16-917]  ThreadID:12 >>> Proto Type registry：10041 - proto.ChracterCreateResponse
<- - - - - - - - - - - - - - - - - - - - - - - - - - - - - - - - - - - - - - - - - - - - - - - - - - - - - - - - - - - - - - - - - - - - - - - - - - - - - - - - - - - - - - - - - - - - - - - ->
[LOG]# [2024:09:39:16-917]  ThreadID:12 >>> Proto Type registry：10042 - proto.PropertyUpdateResponse
<- - - - - - - - - - - - - - - - - - - - - - - - - - - - - - - - - - - - - - - - - - - - - - - - - - - - - - - - - - - - - - - - - - - - - - - - - - - - - - - - - - - - - - - - - - - - - - - ->
[LOG]# [2024:09:39:16-917]  ThreadID:12 >>> Proto Type registry：10043 - proto.SpaceEntitySyncRequest
<- - - - - - - - - - - - - - - - - - - - - - - - - - - - - - - - - - - - - - - - - - - - - - - - - - - - - - - - - - - - - - - - - - - - - - - - - - - - - - - - - - - - - - - - - - - - - - - ->
[LOG]# [2024:09:39:16-917]  ThreadID:12 >>> Proto Type registry：10044 - proto.CharacterDeleteResponse
<- - - - - - - - - - - - - - - - - - - - - - - - - - - - - - - - - - - - - - - - - - - - - - - - - - - - - - - - - - - - - - - - - - - - - - - - - - - - - - - - - - - - - - - - - - - - - - - ->
[LOG]# [2024:09:39:16-917]  ThreadID:12 >>> Proto Type registry：10045 - proto.SpaceEntitySyncResponse
<- - - - - - - - - - - - - - - - - - - - - - - - - - - - - - - - - - - - - - - - - - - - - - - - - - - - - - - - - - - - - - - - - - - - - - - - - - - - - - - - - - - - - - - - - - - - - - - ->
[LOG]# [2024:09:39:16-917]  ThreadID:12 >>> Proto Type registry：10046 - summer.proto.InstantiateRequest
<- - - - - - - - - - - - - - - - - - - - - - - - - - - - - - - - - - - - - - - - - - - - - - - - - - - - - - - - - - - - - - - - - - - - - - - - - - - - - - - - - - - - - - - - - - - - - - - ->
[LOG]# [2024:09:39:16-918]  ThreadID:12 >>> Proto Type registry：10047 - proto.SpaceCharacterLeaveResponse
<- - - - - - - - - - - - - - - - - - - - - - - - - - - - - - - - - - - - - - - - - - - - - - - - - - - - - - - - - - - - - - - - - - - - - - - - - - - - - - - - - - - - - - - - - - - - - - - ->
[LOG]# [2024:09:39:16-918]  ThreadID:12 >>> Proto Type registry：10048 - proto.PropertyUpdate.PropertyValue
<- - - - - - - - - - - - - - - - - - - - - - - - - - - - - - - - - - - - - - - - - - - - - - - - - - - - - - - - - - - - - - - - - - - - - - - - - - - - - - - - - - - - - - - - - - - - - - - ->
[LOG]# [2024:09:39:16-918]  ThreadID:12 >>> Proto Type registry：10049 - proto.SpaceCharactersEnterResponse
<- - - - - - - - - - - - - - - - - - - - - - - - - - - - - - - - - - - - - - - - - - - - - - - - - - - - - - - - - - - - - - - - - - - - - - - - - - - - - - - - - - - - - - - - - - - - - - - ->
[LOG]# [2024:09:39:16-923]  ThreadID:12 >>> An ACK acknowledgement packet is received with the serial number : 1
<- - - - - - - - - - - - - - - - - - - - - - - - - - - - - - - - - - - - - - - - - - - - - - - - - - - - - - - - - - - - - - - - - - - - - - - - - - - - - - - - - - - - - - - - - - - - - - - ->
[LOG]# [2024:09:39:17-091]  ThreadID:12 >>> An ACK acknowledgement packet is received with the serial number : 2
<- - - - - - - - - - - - - - - - - - - - - - - - - - - - - - - - - - - - - - - - - - - - - - - - - - - - - - - - - - - - - - - - - - - - - - - - - - - - - - - - - - - - - - - - - - - - - - - ->
[LOG]# [2024:09:39:17-595]  ThreadID:12 >>> An ACK acknowledgement packet is received with the serial number : 3
<- - - - - - - - - - - - - - - - - - - - - - - - - - - - - - - - - - - - - - - - - - - - - - - - - - - - - - - - - - - - - - - - - - - - - - - - - - - - - - - - - - - - - - - - - - - - - - - ->
[LOG]# [2024:09:39:18-096]  ThreadID:12 >>> An ACK acknowledgement packet is received with the serial number : 4
<- - - - - - - - - - - - - - - - - - - - - - - - - - - - - - - - - - - - - - - - - - - - - - - - - - - - - - - - - - - - - - - - - - - - - - - - - - - - - - - - - - - - - - - - - - - - - - - ->
[LOG]# [2024:09:39:18-596]  ThreadID:12 >>> An ACK acknowledgement packet is received with the serial number : 5
<- - - - - - - - - - - - - - - - - - - - - - - - - - - - - - - - - - - - - - - - - - - - - - - - - - - - - - - - - - - - - - - - - - - - - - - - - - - - - - - - - - - - - - - - - - - - - - - ->
[LOG]# [2024:09:39:19-602]  ThreadID:12 >>> An ACK acknowledgement packet is received with the serial number : 7
<- - - - - - - - - - - - - - - - - - - - - - - - - - - - - - - - - - - - - - - - - - - - - - - - - - - - - - - - - - - - - - - - - - - - - - - - - - - - - - - - - - - - - - - - - - - - - - - ->
[LOG]# [2024:09:39:20-103]  ThreadID:12 >>> An ACK acknowledgement packet is received with the serial number : 8
<- - - - - - - - - - - - - - - - - - - - - - - - - - - - - - - - - - - - - - - - - - - - - - - - - - - - - - - - - - - - - - - - - - - - - - - - - - - - - - - - - - - - - - - - - - - - - - - ->
[LOG]# [2024:09:39:21-605]  ThreadID:12 >>> An ACK acknowledgement packet is received with the serial number : 11
<- - - - - - - - - - - - - - - - - - - - - - - - - - - - - - - - - - - - - - - - - - - - - - - - - - - - - - - - - - - - - - - - - - - - - - - - - - - - - - - - - - - - - - - - - - - - - - - ->
[LOG]# [2024:09:39:23-111]  ThreadID:12 >>> An ACK acknowledgement packet is received with the serial number : 14
<- - - - - - - - - - - - - - - - - - - - - - - - - - - - - - - - - - - - - - - - - - - - - - - - - - - - - - - - - - - - - - - - - - - - - - - - - - - - - - - - - - - - - - - - - - - - - - - ->
[LOG]# [2024:09:39:23-614]  ThreadID:12 >>> An ACK acknowledgement packet is received with the serial number : 15
<- - - - - - - - - - - - - - - - - - - - - - - - - - - - - - - - - - - - - - - - - - - - - - - - - - - - - - - - - - - - - - - - - - - - - - - - - - - - - - - - - - - - - - - - - - - - - - - ->
[LOG]# [2024:09:39:24-115]  ThreadID:12 >>> An ACK acknowledgement packet is received with the serial number : 16
<- - - - - - - - - - - - - - - - - - - - - - - - - - - - - - - - - - - - - - - - - - - - - - - - - - - - - - - - - - - - - - - - - - - - - - - - - - - - - - - - - - - - - - - - - - - - - - - ->
[LOG]# [2024:09:39:24-616]  ThreadID:12 >>> An ACK acknowledgement packet is received with the serial number : 17
<- - - - - - - - - - - - - - - - - - - - - - - - - - - - - - - - - - - - - - - - - - - - - - - - - - - - - - - - - - - - - - - - - - - - - - - - - - - - - - - - - - - - - - - - - - - - - - - ->
[LOG]# [2024:09:39:25-621]  ThreadID:12 >>> An ACK acknowledgement packet is received with the serial number : 19
<- - - - - - - - - - - - - - - - - - - - - - - - - - - - - - - - - - - - - - - - - - - - - - - - - - - - - - - - - - - - - - - - - - - - - - - - - - - - - - - - - - - - - - - - - - - - - - - ->
[LOG]# [2024:09:39:26-121]  ThreadID:12 >>> An ACK acknowledgement packet is received with the serial number : 20
<- - - - - - - - - - - - - - - - - - - - - - - - - - - - - - - - - - - - - - - - - - - - - - - - - - - - - - - - - - - - - - - - - - - - - - - - - - - - - - - - - - - - - - - - - - - - - - - ->
[LOG]# [2024:09:39:26-622]  ThreadID:12 >>> An ACK acknowledgement packet is received with the serial number : 21
<- - - - - - - - - - - - - - - - - - - - - - - - - - - - - - - - - - - - - - - - - - - - - - - - - - - - - - - - - - - - - - - - - - - - - - - - - - - - - - - - - - - - - - - - - - - - - - - ->
[LOG]# [2024:09:39:27-123]  ThreadID:12 >>> An ACK acknowledgement packet is received with the serial number : 22
<- - - - - - - - - - - - - - - - - - - - - - - - - - - - - - - - - - - - - - - - - - - - - - - - - - - - - - - - - - - - - - - - - - - - - - - - - - - - - - - - - - - - - - - - - - - - - - - ->
[LOG]# [2024:09:39:28-127]  ThreadID:12 >>> An ACK acknowledgement packet is received with the serial number : 24
<- - - - - - - - - - - - - - - - - - - - - - - - - - - - - - - - - - - - - - - - - - - - - - - - - - - - - - - - - - - - - - - - - - - - - - - - - - - - - - - - - - - - - - - - - - - - - - - ->
[LOG]# [2024:09:39:28-630]  ThreadID:15 >>> An ACK acknowledgement packet is received with the serial number : 25
<- - - - - - - - - - - - - - - - - - - - - - - - - - - - - - - - - - - - - - - - - - - - - - - - - - - - - - - - - - - - - - - - - - - - - - - - - - - - - - - - - - - - - - - - - - - - - - - ->
[LOG]# [2024:09:39:29-132]  ThreadID:15 >>> An ACK acknowledgement packet is received with the serial number : 26
<- - - - - - - - - - - - - - - - - - - - - - - - - - - - - - - - - - - - - - - - - - - - - - - - - - - - - - - - - - - - - - - - - - - - - - - - - - - - - - - - - - - - - - - - - - - - - - - ->
[LOG]# [2024:09:39:30-640]  ThreadID:15 >>> An ACK acknowledgement packet is received with the serial number : 29
<- - - - - - - - - - - - - - - - - - - - - - - - - - - - - - - - - - - - - - - - - - - - - - - - - - - - - - - - - - - - - - - - - - - - - - - - - - - - - - - - - - - - - - - - - - - - - - - ->
[LOG]# [2024:09:39:31-142]  ThreadID:15 >>> An ACK acknowledgement packet is received with the serial number : 30
<- - - - - - - - - - - - - - - - - - - - - - - - - - - - - - - - - - - - - - - - - - - - - - - - - - - - - - - - - - - - - - - - - - - - - - - - - - - - - - - - - - - - - - - - - - - - - - - ->
[LOG]# [2024:09:39:31-648]  ThreadID:15 >>> An ACK acknowledgement packet is received with the serial number : 31
<- - - - - - - - - - - - - - - - - - - - - - - - - - - - - - - - - - - - - - - - - - - - - - - - - - - - - - - - - - - - - - - - - - - - - - - - - - - - - - - - - - - - - - - - - - - - - - - ->
[LOG]# [2024:09:39:32-151]  ThreadID:15 >>> An ACK acknowledgement packet is received with the serial number : 32
<- - - - - - - - - - - - - - - - - - - - - - - - - - - - - - - - - - - - - - - - - - - - - - - - - - - - - - - - - - - - - - - - - - - - - - - - - - - - - - - - - - - - - - - - - - - - - - - ->
[LOG]# [2024:09:39:32-650]  ThreadID:15 >>> An ACK acknowledgement packet is received with the serial number : 33
<- - - - - - - - - - - - - - - - - - - - - - - - - - - - - - - - - - - - - - - - - - - - - - - - - - - - - - - - - - - - - - - - - - - - - - - - - - - - - - - - - - - - - - - - - - - - - - - ->
[LOG]# [2024:09:39:33-153]  ThreadID:15 >>> An ACK acknowledgement packet is received with the serial number : 34
<- - - - - - - - - - - - - - - - - - - - - - - - - - - - - - - - - - - - - - - - - - - - - - - - - - - - - - - - - - - - - - - - - - - - - - - - - - - - - - - - - - - - - - - - - - - - - - - ->
[LOG]# [2024:09:39:35-159]  ThreadID:15 >>> An ACK acknowledgement packet is received with the serial number : 38
<- - - - - - - - - - - - - - - - - - - - - - - - - - - - - - - - - - - - - - - - - - - - - - - - - - - - - - - - - - - - - - - - - - - - - - - - - - - - - - - - - - - - - - - - - - - - - - - ->
[LOG]# [2024:09:39:35-659]  ThreadID:15 >>> An ACK acknowledgement packet is received with the serial number : 39
<- - - - - - - - - - - - - - - - - - - - - - - - - - - - - - - - - - - - - - - - - - - - - - - - - - - - - - - - - - - - - - - - - - - - - - - - - - - - - - - - - - - - - - - - - - - - - - - ->
[LOG]# [2024:09:39:36-162]  ThreadID:15 >>> An ACK acknowledgement packet is received with the serial number : 40
<- - - - - - - - - - - - - - - - - - - - - - - - - - - - - - - - - - - - - - - - - - - - - - - - - - - - - - - - - - - - - - - - - - - - - - - - - - - - - - - - - - - - - - - - - - - - - - - ->
[LOG]# [2024:09:39:36-663]  ThreadID:15 >>> An ACK acknowledgement packet is received with the serial number : 41
<- - - - - - - - - - - - - - - - - - - - - - - - - - - - - - - - - - - - - - - - - - - - - - - - - - - - - - - - - - - - - - - - - - - - - - - - - - - - - - - - - - - - - - - - - - - - - - - ->
[LOG]# [2024:09:39:37-165]  ThreadID:15 >>> An ACK acknowledgement packet is received with the serial number : 42
<- - - - - - - - - - - - - - - - - - - - - - - - - - - - - - - - - - - - - - - - - - - - - - - - - - - - - - - - - - - - - - - - - - - - - - - - - - - - - - - - - - - - - - - - - - - - - - - ->
[LOG]# [2024:09:39:37-666]  ThreadID:15 >>> An ACK acknowledgement packet is received with the serial number : 43
<- - - - - - - - - - - - - - - - - - - - - - - - - - - - - - - - - - - - - - - - - - - - - - - - - - - - - - - - - - - - - - - - - - - - - - - - - - - - - - - - - - - - - - - - - - - - - - - ->
[LOG]# [2024:09:39:38-166]  ThreadID:15 >>> An ACK acknowledgement packet is received with the serial number : 44
<- - - - - - - - - - - - - - - - - - - - - - - - - - - - - - - - - - - - - - - - - - - - - - - - - - - - - - - - - - - - - - - - - - - - - - - - - - - - - - - - - - - - - - - - - - - - - - - ->
[LOG]# [2024:09:39:38-669]  ThreadID:15 >>> An ACK acknowledgement packet is received with the serial number : 45
<- - - - - - - - - - - - - - - - - - - - - - - - - - - - - - - - - - - - - - - - - - - - - - - - - - - - - - - - - - - - - - - - - - - - - - - - - - - - - - - - - - - - - - - - - - - - - - - ->
[LOG]# [2024:09:39:39-171]  ThreadID:15 >>> An ACK acknowledgement packet is received with the serial number : 46
<- - - - - - - - - - - - - - - - - - - - - - - - - - - - - - - - - - - - - - - - - - - - - - - - - - - - - - - - - - - - - - - - - - - - - - - - - - - - - - - - - - - - - - - - - - - - - - - ->
[LOG]# [2024:09:39:40-173]  ThreadID:15 >>> An ACK acknowledgement packet is received with the serial number : 48
<- - - - - - - - - - - - - - - - - - - - - - - - - - - - - - - - - - - - - - - - - - - - - - - - - - - - - - - - - - - - - - - - - - - - - - - - - - - - - - - - - - - - - - - - - - - - - - - ->
[LOG]# [2024:09:39:40-677]  ThreadID:15 >>> An ACK acknowledgement packet is received with the serial number : 49
<- - - - - - - - - - - - - - - - - - - - - - - - - - - - - - - - - - - - - - - - - - - - - - - - - - - - - - - - - - - - - - - - - - - - - - - - - - - - - - - - - - - - - - - - - - - - - - - ->
[LOG]# [2024:09:39:41-680]  ThreadID:15 >>> An ACK acknowledgement packet is received with the serial number : 51
<- - - - - - - - - - - - - - - - - - - - - - - - - - - - - - - - - - - - - - - - - - - - - - - - - - - - - - - - - - - - - - - - - - - - - - - - - - - - - - - - - - - - - - - - - - - - - - - ->
[LOG]# [2024:09:39:42-180]  ThreadID:15 >>> An ACK acknowledgement packet is received with the serial number : 52
<- - - - - - - - - - - - - - - - - - - - - - - - - - - - - - - - - - - - - - - - - - - - - - - - - - - - - - - - - - - - - - - - - - - - - - - - - - - - - - - - - - - - - - - - - - - - - - - ->
[LOG]# [2024:09:39:42-683]  ThreadID:15 >>> An ACK acknowledgement packet is received with the serial number : 53
<- - - - - - - - - - - - - - - - - - - - - - - - - - - - - - - - - - - - - - - - - - - - - - - - - - - - - - - - - - - - - - - - - - - - - - - - - - - - - - - - - - - - - - - - - - - - - - - ->
[LOG]# [2024:09:39:43-687]  ThreadID:15 >>> An ACK acknowledgement packet is received with the serial number : 55
<- - - - - - - - - - - - - - - - - - - - - - - - - - - - - - - - - - - - - - - - - - - - - - - - - - - - - - - - - - - - - - - - - - - - - - - - - - - - - - - - - - - - - - - - - - - - - - - ->
[LOG]# [2024:09:39:44-693]  ThreadID:15 >>> An ACK acknowledgement packet is received with the serial number : 57
<- - - - - - - - - - - - - - - - - - - - - - - - - - - - - - - - - - - - - - - - - - - - - - - - - - - - - - - - - - - - - - - - - - - - - - - - - - - - - - - - - - - - - - - - - - - - - - - ->
[LOG]# [2024:09:39:45-194]  ThreadID:15 >>> An ACK acknowledgement packet is received with the serial number : 58
<- - - - - - - - - - - - - - - - - - - - - - - - - - - - - - - - - - - - - - - - - - - - - - - - - - - - - - - - - - - - - - - - - - - - - - - - - - - - - - - - - - - - - - - - - - - - - - - ->
[LOG]# [2024:09:39:45-695]  ThreadID:15 >>> An ACK acknowledgement packet is received with the serial number : 59
<- - - - - - - - - - - - - - - - - - - - - - - - - - - - - - - - - - - - - - - - - - - - - - - - - - - - - - - - - - - - - - - - - - - - - - - - - - - - - - - - - - - - - - - - - - - - - - - ->
[LOG]# [2024:09:39:46-197]  ThreadID:15 >>> An ACK acknowledgement packet is received with the serial number : 60
<- - - - - - - - - - - - - - - - - - - - - - - - - - - - - - - - - - - - - - - - - - - - - - - - - - - - - - - - - - - - - - - - - - - - - - - - - - - - - - - - - - - - - - - - - - - - - - - ->
[LOG]# [2024:09:39:46-698]  ThreadID:15 >>> An ACK acknowledgement packet is received with the serial number : 61
<- - - - - - - - - - - - - - - - - - - - - - - - - - - - - - - - - - - - - - - - - - - - - - - - - - - - - - - - - - - - - - - - - - - - - - - - - - - - - - - - - - - - - - - - - - - - - - - ->
[LOG]# [2024:09:39:47-201]  ThreadID:15 >>> An ACK acknowledgement packet is received with the serial number : 62
<- - - - - - - - - - - - - - - - - - - - - - - - - - - - - - - - - - - - - - - - - - - - - - - - - - - - - - - - - - - - - - - - - - - - - - - - - - - - - - - - - - - - - - - - - - - - - - - ->
[LOG]# [2024:09:39:48-210]  ThreadID:15 >>> An ACK acknowledgement packet is received with the serial number : 64
<- - - - - - - - - - - - - - - - - - - - - - - - - - - - - - - - - - - - - - - - - - - - - - - - - - - - - - - - - - - - - - - - - - - - - - - - - - - - - - - - - - - - - - - - - - - - - - - ->
[LOG]# [2024:09:39:48-519]  ThreadID:14 >>> The connection is lost : GameServer.Net.Connection
<- - - - - - - - - - - - - - - - - - - - - - - - - - - - - - - - - - - - - - - - - - - - - - - - - - - - - - - - - - - - - - - - - - - - - - - - - - - - - - - - - - - - - - - - - - - - - - - ->
[LOG]# [2024:09:40:50-781]  ThreadID:12 >>> Client access
<- - - - - - - - - - - - - - - - - - - - - - - - - - - - - - - - - - - - - - - - - - - - - - - - - - - - - - - - - - - - - - - - - - - - - - - - - - - - - - - - - - - - - - - - - - - - - - - ->
[LOG]# [2024:09:40:52-308]  ThreadID:3 >>> An ACK acknowledgement packet is received with the serial number : 2
<- - - - - - - - - - - - - - - - - - - - - - - - - - - - - - - - - - - - - - - - - - - - - - - - - - - - - - - - - - - - - - - - - - - - - - - - - - - - - - - - - - - - - - - - - - - - - - - ->
[LOG]# [2024:09:40:53-810]  ThreadID:3 >>> An ACK acknowledgement packet is received with the serial number : 5
<- - - - - - - - - - - - - - - - - - - - - - - - - - - - - - - - - - - - - - - - - - - - - - - - - - - - - - - - - - - - - - - - - - - - - - - - - - - - - - - - - - - - - - - - - - - - - - - ->
[LOG]# [2024:09:40:54-313]  ThreadID:3 >>> An ACK acknowledgement packet is received with the serial number : 6
<- - - - - - - - - - - - - - - - - - - - - - - - - - - - - - - - - - - - - - - - - - - - - - - - - - - - - - - - - - - - - - - - - - - - - - - - - - - - - - - - - - - - - - - - - - - - - - - ->
[LOG]# [2024:09:40:54-813]  ThreadID:3 >>> An ACK acknowledgement packet is received with the serial number : 7
<- - - - - - - - - - - - - - - - - - - - - - - - - - - - - - - - - - - - - - - - - - - - - - - - - - - - - - - - - - - - - - - - - - - - - - - - - - - - - - - - - - - - - - - - - - - - - - - ->
[LOG]# [2024:09:40:55-315]  ThreadID:3 >>> An ACK acknowledgement packet is received with the serial number : 8
<- - - - - - - - - - - - - - - - - - - - - - - - - - - - - - - - - - - - - - - - - - - - - - - - - - - - - - - - - - - - - - - - - - - - - - - - - - - - - - - - - - - - - - - - - - - - - - - ->
[LOG]# [2024:09:40:55-816]  ThreadID:3 >>> An ACK acknowledgement packet is received with the serial number : 9
<- - - - - - - - - - - - - - - - - - - - - - - - - - - - - - - - - - - - - - - - - - - - - - - - - - - - - - - - - - - - - - - - - - - - - - - - - - - - - - - - - - - - - - - - - - - - - - - ->
[LOG]# [2024:09:40:56-316]  ThreadID:3 >>> An ACK acknowledgement packet is received with the serial number : 10
<- - - - - - - - - - - - - - - - - - - - - - - - - - - - - - - - - - - - - - - - - - - - - - - - - - - - - - - - - - - - - - - - - - - - - - - - - - - - - - - - - - - - - - - - - - - - - - - ->
[LOG]# [2024:09:40:56-818]  ThreadID:3 >>> An ACK acknowledgement packet is received with the serial number : 11
<- - - - - - - - - - - - - - - - - - - - - - - - - - - - - - - - - - - - - - - - - - - - - - - - - - - - - - - - - - - - - - - - - - - - - - - - - - - - - - - - - - - - - - - - - - - - - - - ->
[LOG]# [2024:09:40:57-320]  ThreadID:3 >>> An ACK acknowledgement packet is received with the serial number : 12
<- - - - - - - - - - - - - - - - - - - - - - - - - - - - - - - - - - - - - - - - - - - - - - - - - - - - - - - - - - - - - - - - - - - - - - - - - - - - - - - - - - - - - - - - - - - - - - - ->
[LOG]# [2024:09:40:57-821]  ThreadID:3 >>> An ACK acknowledgement packet is received with the serial number : 13
<- - - - - - - - - - - - - - - - - - - - - - - - - - - - - - - - - - - - - - - - - - - - - - - - - - - - - - - - - - - - - - - - - - - - - - - - - - - - - - - - - - - - - - - - - - - - - - - ->
[LOG]# [2024:09:40:58-321]  ThreadID:3 >>> An ACK acknowledgement packet is received with the serial number : 14
<- - - - - - - - - - - - - - - - - - - - - - - - - - - - - - - - - - - - - - - - - - - - - - - - - - - - - - - - - - - - - - - - - - - - - - - - - - - - - - - - - - - - - - - - - - - - - - - ->
[LOG]# [2024:09:40:59-322]  ThreadID:3 >>> An ACK acknowledgement packet is received with the serial number : 16
<- - - - - - - - - - - - - - - - - - - - - - - - - - - - - - - - - - - - - - - - - - - - - - - - - - - - - - - - - - - - - - - - - - - - - - - - - - - - - - - - - - - - - - - - - - - - - - - ->
[LOG]# [2024:09:40:59-822]  ThreadID:3 >>> An ACK acknowledgement packet is received with the serial number : 17
<- - - - - - - - - - - - - - - - - - - - - - - - - - - - - - - - - - - - - - - - - - - - - - - - - - - - - - - - - - - - - - - - - - - - - - - - - - - - - - - - - - - - - - - - - - - - - - - ->
[LOG]# [2024:09:41:00-823]  ThreadID:3 >>> An ACK acknowledgement packet is received with the serial number : 19
<- - - - - - - - - - - - - - - - - - - - - - - - - - - - - - - - - - - - - - - - - - - - - - - - - - - - - - - - - - - - - - - - - - - - - - - - - - - - - - - - - - - - - - - - - - - - - - - ->
[LOG]# [2024:09:41:01-324]  ThreadID:3 >>> An ACK acknowledgement packet is received with the serial number : 20
<- - - - - - - - - - - - - - - - - - - - - - - - - - - - - - - - - - - - - - - - - - - - - - - - - - - - - - - - - - - - - - - - - - - - - - - - - - - - - - - - - - - - - - - - - - - - - - - ->
[LOG]# [2024:09:41:01-825]  ThreadID:3 >>> An ACK acknowledgement packet is received with the serial number : 21
<- - - - - - - - - - - - - - - - - - - - - - - - - - - - - - - - - - - - - - - - - - - - - - - - - - - - - - - - - - - - - - - - - - - - - - - - - - - - - - - - - - - - - - - - - - - - - - - ->
[LOG]# [2024:09:41:02-326]  ThreadID:3 >>> An ACK acknowledgement packet is received with the serial number : 22
<- - - - - - - - - - - - - - - - - - - - - - - - - - - - - - - - - - - - - - - - - - - - - - - - - - - - - - - - - - - - - - - - - - - - - - - - - - - - - - - - - - - - - - - - - - - - - - - ->
[LOG]# [2024:09:41:02-828]  ThreadID:3 >>> An ACK acknowledgement packet is received with the serial number : 23
<- - - - - - - - - - - - - - - - - - - - - - - - - - - - - - - - - - - - - - - - - - - - - - - - - - - - - - - - - - - - - - - - - - - - - - - - - - - - - - - - - - - - - - - - - - - - - - - ->
[LOG]# [2024:09:41:03-328]  ThreadID:3 >>> An ACK acknowledgement packet is received with the serial number : 24
<- - - - - - - - - - - - - - - - - - - - - - - - - - - - - - - - - - - - - - - - - - - - - - - - - - - - - - - - - - - - - - - - - - - - - - - - - - - - - - - - - - - - - - - - - - - - - - - ->
[LOG]# [2024:09:41:03-830]  ThreadID:3 >>> An ACK acknowledgement packet is received with the serial number : 25
<- - - - - - - - - - - - - - - - - - - - - - - - - - - - - - - - - - - - - - - - - - - - - - - - - - - - - - - - - - - - - - - - - - - - - - - - - - - - - - - - - - - - - - - - - - - - - - - ->
[LOG]# [2024:09:41:04-330]  ThreadID:3 >>> An ACK acknowledgement packet is received with the serial number : 26
<- - - - - - - - - - - - - - - - - - - - - - - - - - - - - - - - - - - - - - - - - - - - - - - - - - - - - - - - - - - - - - - - - - - - - - - - - - - - - - - - - - - - - - - - - - - - - - - ->
[LOG]# [2024:09:41:04-831]  ThreadID:3 >>> An ACK acknowledgement packet is received with the serial number : 27
<- - - - - - - - - - - - - - - - - - - - - - - - - - - - - - - - - - - - - - - - - - - - - - - - - - - - - - - - - - - - - - - - - - - - - - - - - - - - - - - - - - - - - - - - - - - - - - - ->
[LOG]# [2024:09:41:05-333]  ThreadID:3 >>> An ACK acknowledgement packet is received with the serial number : 28
<- - - - - - - - - - - - - - - - - - - - - - - - - - - - - - - - - - - - - - - - - - - - - - - - - - - - - - - - - - - - - - - - - - - - - - - - - - - - - - - - - - - - - - - - - - - - - - - ->
[LOG]# [2024:09:41:05-834]  ThreadID:3 >>> An ACK acknowledgement packet is received with the serial number : 29
<- - - - - - - - - - - - - - - - - - - - - - - - - - - - - - - - - - - - - - - - - - - - - - - - - - - - - - - - - - - - - - - - - - - - - - - - - - - - - - - - - - - - - - - - - - - - - - - ->
[LOG]# [2024:09:41:06-335]  ThreadID:3 >>> An ACK acknowledgement packet is received with the serial number : 30
<- - - - - - - - - - - - - - - - - - - - - - - - - - - - - - - - - - - - - - - - - - - - - - - - - - - - - - - - - - - - - - - - - - - - - - - - - - - - - - - - - - - - - - - - - - - - - - - ->
[LOG]# [2024:09:41:06-837]  ThreadID:3 >>> An ACK acknowledgement packet is received with the serial number : 31
<- - - - - - - - - - - - - - - - - - - - - - - - - - - - - - - - - - - - - - - - - - - - - - - - - - - - - - - - - - - - - - - - - - - - - - - - - - - - - - - - - - - - - - - - - - - - - - - ->
[LOG]# [2024:09:41:07-337]  ThreadID:3 >>> An ACK acknowledgement packet is received with the serial number : 32
<- - - - - - - - - - - - - - - - - - - - - - - - - - - - - - - - - - - - - - - - - - - - - - - - - - - - - - - - - - - - - - - - - - - - - - - - - - - - - - - - - - - - - - - - - - - - - - - ->
[LOG]# [2024:09:41:07-837]  ThreadID:3 >>> An ACK acknowledgement packet is received with the serial number : 33
<- - - - - - - - - - - - - - - - - - - - - - - - - - - - - - - - - - - - - - - - - - - - - - - - - - - - - - - - - - - - - - - - - - - - - - - - - - - - - - - - - - - - - - - - - - - - - - - ->
[LOG]# [2024:09:41:08-339]  ThreadID:3 >>> An ACK acknowledgement packet is received with the serial number : 34
<- - - - - - - - - - - - - - - - - - - - - - - - - - - - - - - - - - - - - - - - - - - - - - - - - - - - - - - - - - - - - - - - - - - - - - - - - - - - - - - - - - - - - - - - - - - - - - - ->
[LOG]# [2024:09:41:08-842]  ThreadID:3 >>> An ACK acknowledgement packet is received with the serial number : 35
<- - - - - - - - - - - - - - - - - - - - - - - - - - - - - - - - - - - - - - - - - - - - - - - - - - - - - - - - - - - - - - - - - - - - - - - - - - - - - - - - - - - - - - - - - - - - - - - ->
[LOG]# [2024:09:41:09-167]  ThreadID:3 >>> The connection is lost : GameServer.Net.Connection
<- - - - - - - - - - - - - - - - - - - - - - - - - - - - - - - - - - - - - - - - - - - - - - - - - - - - - - - - - - - - - - - - - - - - - - - - - - - - - - - - - - - - - - - - - - - - - - - ->
[LOG]# [2024:09:42:05-260]  ThreadID:15 >>> Client access
<- - - - - - - - - - - - - - - - - - - - - - - - - - - - - - - - - - - - - - - - - - - - - - - - - - - - - - - - - - - - - - - - - - - - - - - - - - - - - - - - - - - - - - - - - - - - - - - ->
[LOG]# [2024:09:42:06-892]  ThreadID:16 >>> An ACK acknowledgement packet is received with the serial number : 2
<- - - - - - - - - - - - - - - - - - - - - - - - - - - - - - - - - - - - - - - - - - - - - - - - - - - - - - - - - - - - - - - - - - - - - - - - - - - - - - - - - - - - - - - - - - - - - - - ->
[LOG]# [2024:09:42:07-391]  ThreadID:16 >>> An ACK acknowledgement packet is received with the serial number : 3
<- - - - - - - - - - - - - - - - - - - - - - - - - - - - - - - - - - - - - - - - - - - - - - - - - - - - - - - - - - - - - - - - - - - - - - - - - - - - - - - - - - - - - - - - - - - - - - - ->
[LOG]# [2024:09:42:08-394]  ThreadID:16 >>> An ACK acknowledgement packet is received with the serial number : 5
<- - - - - - - - - - - - - - - - - - - - - - - - - - - - - - - - - - - - - - - - - - - - - - - - - - - - - - - - - - - - - - - - - - - - - - - - - - - - - - - - - - - - - - - - - - - - - - - ->
[LOG]# [2024:09:42:08-895]  ThreadID:16 >>> An ACK acknowledgement packet is received with the serial number : 6
<- - - - - - - - - - - - - - - - - - - - - - - - - - - - - - - - - - - - - - - - - - - - - - - - - - - - - - - - - - - - - - - - - - - - - - - - - - - - - - - - - - - - - - - - - - - - - - - ->
[LOG]# [2024:09:42:09-396]  ThreadID:3 >>> An ACK acknowledgement packet is received with the serial number : 7
<- - - - - - - - - - - - - - - - - - - - - - - - - - - - - - - - - - - - - - - - - - - - - - - - - - - - - - - - - - - - - - - - - - - - - - - - - - - - - - - - - - - - - - - - - - - - - - - ->
[LOG]# [2024:09:42:09-897]  ThreadID:3 >>> An ACK acknowledgement packet is received with the serial number : 8
<- - - - - - - - - - - - - - - - - - - - - - - - - - - - - - - - - - - - - - - - - - - - - - - - - - - - - - - - - - - - - - - - - - - - - - - - - - - - - - - - - - - - - - - - - - - - - - - ->
[LOG]# [2024:09:42:10-899]  ThreadID:3 >>> An ACK acknowledgement packet is received with the serial number : 10
<- - - - - - - - - - - - - - - - - - - - - - - - - - - - - - - - - - - - - - - - - - - - - - - - - - - - - - - - - - - - - - - - - - - - - - - - - - - - - - - - - - - - - - - - - - - - - - - ->
[LOG]# [2024:09:42:11-404]  ThreadID:3 >>> An ACK acknowledgement packet is received with the serial number : 11
<- - - - - - - - - - - - - - - - - - - - - - - - - - - - - - - - - - - - - - - - - - - - - - - - - - - - - - - - - - - - - - - - - - - - - - - - - - - - - - - - - - - - - - - - - - - - - - - ->
[LOG]# [2024:09:42:11-904]  ThreadID:3 >>> An ACK acknowledgement packet is received with the serial number : 12
<- - - - - - - - - - - - - - - - - - - - - - - - - - - - - - - - - - - - - - - - - - - - - - - - - - - - - - - - - - - - - - - - - - - - - - - - - - - - - - - - - - - - - - - - - - - - - - - ->
[LOG]# [2024:09:42:12-405]  ThreadID:3 >>> An ACK acknowledgement packet is received with the serial number : 13
<- - - - - - - - - - - - - - - - - - - - - - - - - - - - - - - - - - - - - - - - - - - - - - - - - - - - - - - - - - - - - - - - - - - - - - - - - - - - - - - - - - - - - - - - - - - - - - - ->
[LOG]# [2024:09:42:12-907]  ThreadID:3 >>> An ACK acknowledgement packet is received with the serial number : 14
<- - - - - - - - - - - - - - - - - - - - - - - - - - - - - - - - - - - - - - - - - - - - - - - - - - - - - - - - - - - - - - - - - - - - - - - - - - - - - - - - - - - - - - - - - - - - - - - ->
[LOG]# [2024:09:42:13-408]  ThreadID:3 >>> An ACK acknowledgement packet is received with the serial number : 15
<- - - - - - - - - - - - - - - - - - - - - - - - - - - - - - - - - - - - - - - - - - - - - - - - - - - - - - - - - - - - - - - - - - - - - - - - - - - - - - - - - - - - - - - - - - - - - - - ->
[LOG]# [2024:09:42:13-909]  ThreadID:3 >>> An ACK acknowledgement packet is received with the serial number : 16
<- - - - - - - - - - - - - - - - - - - - - - - - - - - - - - - - - - - - - - - - - - - - - - - - - - - - - - - - - - - - - - - - - - - - - - - - - - - - - - - - - - - - - - - - - - - - - - - ->
[LOG]# [2024:09:42:14-410]  ThreadID:3 >>> An ACK acknowledgement packet is received with the serial number : 17
<- - - - - - - - - - - - - - - - - - - - - - - - - - - - - - - - - - - - - - - - - - - - - - - - - - - - - - - - - - - - - - - - - - - - - - - - - - - - - - - - - - - - - - - - - - - - - - - ->
[LOG]# [2024:09:42:14-910]  ThreadID:3 >>> An ACK acknowledgement packet is received with the serial number : 18
<- - - - - - - - - - - - - - - - - - - - - - - - - - - - - - - - - - - - - - - - - - - - - - - - - - - - - - - - - - - - - - - - - - - - - - - - - - - - - - - - - - - - - - - - - - - - - - - ->
[LOG]# [2024:09:42:15-410]  ThreadID:3 >>> An ACK acknowledgement packet is received with the serial number : 19
<- - - - - - - - - - - - - - - - - - - - - - - - - - - - - - - - - - - - - - - - - - - - - - - - - - - - - - - - - - - - - - - - - - - - - - - - - - - - - - - - - - - - - - - - - - - - - - - ->
[LOG]# [2024:09:42:15-854]  ThreadID:3 >>> The connection is lost : GameServer.Net.Connection
<- - - - - - - - - - - - - - - - - - - - - - - - - - - - - - - - - - - - - - - - - - - - - - - - - - - - - - - - - - - - - - - - - - - - - - - - - - - - - - - - - - - - - - - - - - - - - - - ->
