[LOG]# [2024:09:13:21-514]  ThreadID:1 >>> Connect To Server
<- - - - - - - - - - - - - - - - - - - - - - - - - - - - - - - - - - - - - - - - - - - - - - - - - - - - - - - - - - - - - - - - - - - - - - - - - - - - - - - - - - - - - - - - - - - - - - - ->
[LOG]# [2024:09:13:21-930]  ThreadID:70 >>> The session ID sent to us by the service is :1001
<- - - - - - - - - - - - - - - - - - - - - - - - - - - - - - - - - - - - - - - - - - - - - - - - - - - - - - - - - - - - - - - - - - - - - - - - - - - - - - - - - - - - - - - - - - - - - - - ->
[LOG]# [2024:09:13:23-602]  ThreadID:1330 >>> Heartbeat response from the server : ms = 3.5175
<- - - - - - - - - - - - - - - - - - - - - - - - - - - - - - - - - - - - - - - - - - - - - - - - - - - - - - - - - - - - - - - - - - - - - - - - - - - - - - - - - - - - - - - - - - - - - - - ->
[LOG]# [2024:09:13:24-602]  ThreadID:1330 >>> Heartbeat response from the server : ms = 3.0007
<- - - - - - - - - - - - - - - - - - - - - - - - - - - - - - - - - - - - - - - - - - - - - - - - - - - - - - - - - - - - - - - - - - - - - - - - - - - - - - - - - - - - - - - - - - - - - - - ->
[LOG]# [2024:09:13:25-602]  ThreadID:1330 >>> Heartbeat response from the server : ms = 2.0008
<- - - - - - - - - - - - - - - - - - - - - - - - - - - - - - - - - - - - - - - - - - - - - - - - - - - - - - - - - - - - - - - - - - - - - - - - - - - - - - - - - - - - - - - - - - - - - - - ->
[LOG]# [2024:09:13:26-602]  ThreadID:1330 >>> Heartbeat response from the server : ms = 3.0211
<- - - - - - - - - - - - - - - - - - - - - - - - - - - - - - - - - - - - - - - - - - - - - - - - - - - - - - - - - - - - - - - - - - - - - - - - - - - - - - - - - - - - - - - - - - - - - - - ->
[LOG]# [2024:09:13:27-604]  ThreadID:1330 >>> Heartbeat response from the server : ms = 2.5117
<- - - - - - - - - - - - - - - - - - - - - - - - - - - - - - - - - - - - - - - - - - - - - - - - - - - - - - - - - - - - - - - - - - - - - - - - - - - - - - - - - - - - - - - - - - - - - - - ->
[LOG]# [2024:09:13:28-606]  ThreadID:1330 >>> Heartbeat response from the server : ms = 2.5271
<- - - - - - - - - - - - - - - - - - - - - - - - - - - - - - - - - - - - - - - - - - - - - - - - - - - - - - - - - - - - - - - - - - - - - - - - - - - - - - - - - - - - - - - - - - - - - - - ->
[LOG]# [2024:09:13:29-607]  ThreadID:1330 >>> Heartbeat response from the server : ms = 1.5172
<- - - - - - - - - - - - - - - - - - - - - - - - - - - - - - - - - - - - - - - - - - - - - - - - - - - - - - - - - - - - - - - - - - - - - - - - - - - - - - - - - - - - - - - - - - - - - - - ->
[LOG]# [2024:09:13:30-607]  ThreadID:1330 >>> Heartbeat response from the server : ms = 2.0038
<- - - - - - - - - - - - - - - - - - - - - - - - - - - - - - - - - - - - - - - - - - - - - - - - - - - - - - - - - - - - - - - - - - - - - - - - - - - - - - - - - - - - - - - - - - - - - - - ->
[LOG]# [2024:09:13:31-608]  ThreadID:1330 >>> Heartbeat response from the server : ms = 0.9981
<- - - - - - - - - - - - - - - - - - - - - - - - - - - - - - - - - - - - - - - - - - - - - - - - - - - - - - - - - - - - - - - - - - - - - - - - - - - - - - - - - - - - - - - - - - - - - - - ->
[LOG]# [2024:09:13:32-610]  ThreadID:1330 >>> Heartbeat response from the server : ms = 2.5195
<- - - - - - - - - - - - - - - - - - - - - - - - - - - - - - - - - - - - - - - - - - - - - - - - - - - - - - - - - - - - - - - - - - - - - - - - - - - - - - - - - - - - - - - - - - - - - - - ->
[LOG]# [2024:09:13:33-610]  ThreadID:1330 >>> Heartbeat response from the server : ms = 1.5091
<- - - - - - - - - - - - - - - - - - - - - - - - - - - - - - - - - - - - - - - - - - - - - - - - - - - - - - - - - - - - - - - - - - - - - - - - - - - - - - - - - - - - - - - - - - - - - - - ->
[LOG]# [2024:09:13:34-611]  ThreadID:1330 >>> Heartbeat response from the server : ms = 2.0007
<- - - - - - - - - - - - - - - - - - - - - - - - - - - - - - - - - - - - - - - - - - - - - - - - - - - - - - - - - - - - - - - - - - - - - - - - - - - - - - - - - - - - - - - - - - - - - - - ->
[LOG]# [2024:09:13:35-614]  ThreadID:1330 >>> Heartbeat response from the server : ms = 2.0064
<- - - - - - - - - - - - - - - - - - - - - - - - - - - - - - - - - - - - - - - - - - - - - - - - - - - - - - - - - - - - - - - - - - - - - - - - - - - - - - - - - - - - - - - - - - - - - - - ->
[LOG]# [2024:09:13:36-614]  ThreadID:1330 >>> Heartbeat response from the server : ms = 2.0058
<- - - - - - - - - - - - - - - - - - - - - - - - - - - - - - - - - - - - - - - - - - - - - - - - - - - - - - - - - - - - - - - - - - - - - - - - - - - - - - - - - - - - - - - - - - - - - - - ->
[LOG]# [2024:09:13:37-615]  ThreadID:1330 >>> Heartbeat response from the server : ms = 2.0012
<- - - - - - - - - - - - - - - - - - - - - - - - - - - - - - - - - - - - - - - - - - - - - - - - - - - - - - - - - - - - - - - - - - - - - - - - - - - - - - - - - - - - - - - - - - - - - - - ->
[LOG]# [2024:09:13:38-616]  ThreadID:1330 >>> Heartbeat response from the server : ms = 2.0016
<- - - - - - - - - - - - - - - - - - - - - - - - - - - - - - - - - - - - - - - - - - - - - - - - - - - - - - - - - - - - - - - - - - - - - - - - - - - - - - - - - - - - - - - - - - - - - - - ->
[LOG]# [2024:09:13:39-618]  ThreadID:1330 >>> Heartbeat response from the server : ms = 1.9536
<- - - - - - - - - - - - - - - - - - - - - - - - - - - - - - - - - - - - - - - - - - - - - - - - - - - - - - - - - - - - - - - - - - - - - - - - - - - - - - - - - - - - - - - - - - - - - - - ->
[LOG]# [2024:09:13:40-618]  ThreadID:1330 >>> Heartbeat response from the server : ms = 1.0007
<- - - - - - - - - - - - - - - - - - - - - - - - - - - - - - - - - - - - - - - - - - - - - - - - - - - - - - - - - - - - - - - - - - - - - - - - - - - - - - - - - - - - - - - - - - - - - - - ->
[LOG]# [2024:09:13:41-619]  ThreadID:1330 >>> Heartbeat response from the server : ms = 1.5197
<- - - - - - - - - - - - - - - - - - - - - - - - - - - - - - - - - - - - - - - - - - - - - - - - - - - - - - - - - - - - - - - - - - - - - - - - - - - - - - - - - - - - - - - - - - - - - - - ->
[LOG]# [2024:09:13:42-619]  ThreadID:1330 >>> Heartbeat response from the server : ms = 1.0017
<- - - - - - - - - - - - - - - - - - - - - - - - - - - - - - - - - - - - - - - - - - - - - - - - - - - - - - - - - - - - - - - - - - - - - - - - - - - - - - - - - - - - - - - - - - - - - - - ->
[LOG]# [2024:09:13:43-623]  ThreadID:1330 >>> Heartbeat response from the server : ms = 1.9995
<- - - - - - - - - - - - - - - - - - - - - - - - - - - - - - - - - - - - - - - - - - - - - - - - - - - - - - - - - - - - - - - - - - - - - - - - - - - - - - - - - - - - - - - - - - - - - - - ->
[LOG]# [2024:09:13:44-624]  ThreadID:1330 >>> Heartbeat response from the server : ms = 1.0101
<- - - - - - - - - - - - - - - - - - - - - - - - - - - - - - - - - - - - - - - - - - - - - - - - - - - - - - - - - - - - - - - - - - - - - - - - - - - - - - - - - - - - - - - - - - - - - - - ->
[LOG]# [2024:09:13:45-627]  ThreadID:1330 >>> Heartbeat response from the server : ms = 1.5099
<- - - - - - - - - - - - - - - - - - - - - - - - - - - - - - - - - - - - - - - - - - - - - - - - - - - - - - - - - - - - - - - - - - - - - - - - - - - - - - - - - - - - - - - - - - - - - - - ->
[LOG]# [2024:09:13:46-630]  ThreadID:1330 >>> Heartbeat response from the server : ms = 1.0011
<- - - - - - - - - - - - - - - - - - - - - - - - - - - - - - - - - - - - - - - - - - - - - - - - - - - - - - - - - - - - - - - - - - - - - - - - - - - - - - - - - - - - - - - - - - - - - - - ->
[LOG]# [2024:09:13:47-630]  ThreadID:1330 >>> Heartbeat response from the server : ms = 1.0007
<- - - - - - - - - - - - - - - - - - - - - - - - - - - - - - - - - - - - - - - - - - - - - - - - - - - - - - - - - - - - - - - - - - - - - - - - - - - - - - - - - - - - - - - - - - - - - - - ->
[LOG]# [2024:09:13:48-632]  ThreadID:1330 >>> Heartbeat response from the server : ms = 2.5135
<- - - - - - - - - - - - - - - - - - - - - - - - - - - - - - - - - - - - - - - - - - - - - - - - - - - - - - - - - - - - - - - - - - - - - - - - - - - - - - - - - - - - - - - - - - - - - - - ->
[LOG]# [2024:09:13:49-631]  ThreadID:1330 >>> Heartbeat response from the server : ms = 1.0015
<- - - - - - - - - - - - - - - - - - - - - - - - - - - - - - - - - - - - - - - - - - - - - - - - - - - - - - - - - - - - - - - - - - - - - - - - - - - - - - - - - - - - - - - - - - - - - - - ->
[LOG]# [2024:09:13:50-634]  ThreadID:1330 >>> Heartbeat response from the server : ms = 1.0086
<- - - - - - - - - - - - - - - - - - - - - - - - - - - - - - - - - - - - - - - - - - - - - - - - - - - - - - - - - - - - - - - - - - - - - - - - - - - - - - - - - - - - - - - - - - - - - - - ->
[LOG]# [2024:09:13:51-638]  ThreadID:1330 >>> Heartbeat response from the server : ms = 2.5135
<- - - - - - - - - - - - - - - - - - - - - - - - - - - - - - - - - - - - - - - - - - - - - - - - - - - - - - - - - - - - - - - - - - - - - - - - - - - - - - - - - - - - - - - - - - - - - - - ->
[LOG]# [2024:09:13:52-641]  ThreadID:1330 >>> Heartbeat response from the server : ms = 1.5046
<- - - - - - - - - - - - - - - - - - - - - - - - - - - - - - - - - - - - - - - - - - - - - - - - - - - - - - - - - - - - - - - - - - - - - - - - - - - - - - - - - - - - - - - - - - - - - - - ->
[LOG]# [2024:09:13:53-642]  ThreadID:1330 >>> Heartbeat response from the server : ms = 2.5138
<- - - - - - - - - - - - - - - - - - - - - - - - - - - - - - - - - - - - - - - - - - - - - - - - - - - - - - - - - - - - - - - - - - - - - - - - - - - - - - - - - - - - - - - - - - - - - - - ->
[LOG]# [2024:09:13:54-644]  ThreadID:1330 >>> Heartbeat response from the server : ms = 2.5128
<- - - - - - - - - - - - - - - - - - - - - - - - - - - - - - - - - - - - - - - - - - - - - - - - - - - - - - - - - - - - - - - - - - - - - - - - - - - - - - - - - - - - - - - - - - - - - - - ->
[LOG]# [2024:09:13:55-646]  ThreadID:1330 >>> Heartbeat response from the server : ms = 1.9982
<- - - - - - - - - - - - - - - - - - - - - - - - - - - - - - - - - - - - - - - - - - - - - - - - - - - - - - - - - - - - - - - - - - - - - - - - - - - - - - - - - - - - - - - - - - - - - - - ->
[LOG]# [2024:09:13:56-650]  ThreadID:1330 >>> Heartbeat response from the server : ms = 1.0003
<- - - - - - - - - - - - - - - - - - - - - - - - - - - - - - - - - - - - - - - - - - - - - - - - - - - - - - - - - - - - - - - - - - - - - - - - - - - - - - - - - - - - - - - - - - - - - - - ->
[LOG]# [2024:09:13:57-650]  ThreadID:1330 >>> Heartbeat response from the server : ms = 2.0017
<- - - - - - - - - - - - - - - - - - - - - - - - - - - - - - - - - - - - - - - - - - - - - - - - - - - - - - - - - - - - - - - - - - - - - - - - - - - - - - - - - - - - - - - - - - - - - - - ->
[LOG]# [2024:09:13:58-653]  ThreadID:1330 >>> Heartbeat response from the server : ms = 2.0002
<- - - - - - - - - - - - - - - - - - - - - - - - - - - - - - - - - - - - - - - - - - - - - - - - - - - - - - - - - - - - - - - - - - - - - - - - - - - - - - - - - - - - - - - - - - - - - - - ->
[LOG]# [2024:09:13:59-655]  ThreadID:1330 >>> Heartbeat response from the server : ms = 1.0112
<- - - - - - - - - - - - - - - - - - - - - - - - - - - - - - - - - - - - - - - - - - - - - - - - - - - - - - - - - - - - - - - - - - - - - - - - - - - - - - - - - - - - - - - - - - - - - - - ->
[LOG]# [2024:09:14:00-655]  ThreadID:1330 >>> Heartbeat response from the server : ms = 1.0023
<- - - - - - - - - - - - - - - - - - - - - - - - - - - - - - - - - - - - - - - - - - - - - - - - - - - - - - - - - - - - - - - - - - - - - - - - - - - - - - - - - - - - - - - - - - - - - - - ->
[LOG]# [2024:09:14:01-657]  ThreadID:1330 >>> Heartbeat response from the server : ms = 2.0005
<- - - - - - - - - - - - - - - - - - - - - - - - - - - - - - - - - - - - - - - - - - - - - - - - - - - - - - - - - - - - - - - - - - - - - - - - - - - - - - - - - - - - - - - - - - - - - - - ->
[LOG]# [2024:09:14:02-659]  ThreadID:1330 >>> Heartbeat response from the server : ms = 0.9988
<- - - - - - - - - - - - - - - - - - - - - - - - - - - - - - - - - - - - - - - - - - - - - - - - - - - - - - - - - - - - - - - - - - - - - - - - - - - - - - - - - - - - - - - - - - - - - - - ->
[LOG]# [2024:09:14:03-660]  ThreadID:1330 >>> Heartbeat response from the server : ms = 2.511
<- - - - - - - - - - - - - - - - - - - - - - - - - - - - - - - - - - - - - - - - - - - - - - - - - - - - - - - - - - - - - - - - - - - - - - - - - - - - - - - - - - - - - - - - - - - - - - - ->
[LOG]# [2024:09:14:04-663]  ThreadID:1330 >>> Heartbeat response from the server : ms = 1.5078
<- - - - - - - - - - - - - - - - - - - - - - - - - - - - - - - - - - - - - - - - - - - - - - - - - - - - - - - - - - - - - - - - - - - - - - - - - - - - - - - - - - - - - - - - - - - - - - - ->
[LOG]# [2024:09:14:05-666]  ThreadID:1330 >>> Heartbeat response from the server : ms = 1.0089
<- - - - - - - - - - - - - - - - - - - - - - - - - - - - - - - - - - - - - - - - - - - - - - - - - - - - - - - - - - - - - - - - - - - - - - - - - - - - - - - - - - - - - - - - - - - - - - - ->
[LOG]# [2024:09:14:06-666]  ThreadID:1330 >>> Heartbeat response from the server : ms = 0.9997
<- - - - - - - - - - - - - - - - - - - - - - - - - - - - - - - - - - - - - - - - - - - - - - - - - - - - - - - - - - - - - - - - - - - - - - - - - - - - - - - - - - - - - - - - - - - - - - - ->
[LOG]# [2024:09:14:07-672]  ThreadID:1330 >>> Heartbeat response from the server : ms = 6.5119
<- - - - - - - - - - - - - - - - - - - - - - - - - - - - - - - - - - - - - - - - - - - - - - - - - - - - - - - - - - - - - - - - - - - - - - - - - - - - - - - - - - - - - - - - - - - - - - - ->
[LOG]# [2024:09:14:08-670]  ThreadID:1330 >>> Heartbeat response from the server : ms = 1.0015
<- - - - - - - - - - - - - - - - - - - - - - - - - - - - - - - - - - - - - - - - - - - - - - - - - - - - - - - - - - - - - - - - - - - - - - - - - - - - - - - - - - - - - - - - - - - - - - - ->
[LOG]# [2024:09:14:09-673]  ThreadID:1330 >>> Heartbeat response from the server : ms = 1.14
<- - - - - - - - - - - - - - - - - - - - - - - - - - - - - - - - - - - - - - - - - - - - - - - - - - - - - - - - - - - - - - - - - - - - - - - - - - - - - - - - - - - - - - - - - - - - - - - ->
[LOG]# [2024:09:14:10-672]  ThreadID:1330 >>> Heartbeat response from the server : ms = 0
<- - - - - - - - - - - - - - - - - - - - - - - - - - - - - - - - - - - - - - - - - - - - - - - - - - - - - - - - - - - - - - - - - - - - - - - - - - - - - - - - - - - - - - - - - - - - - - - ->
[LOG]# [2024:09:14:11-675]  ThreadID:1330 >>> Heartbeat response from the server : ms = 1.535
<- - - - - - - - - - - - - - - - - - - - - - - - - - - - - - - - - - - - - - - - - - - - - - - - - - - - - - - - - - - - - - - - - - - - - - - - - - - - - - - - - - - - - - - - - - - - - - - ->
[LOG]# [2024:09:14:12-675]  ThreadID:1330 >>> Heartbeat response from the server : ms = 0.999
<- - - - - - - - - - - - - - - - - - - - - - - - - - - - - - - - - - - - - - - - - - - - - - - - - - - - - - - - - - - - - - - - - - - - - - - - - - - - - - - - - - - - - - - - - - - - - - - ->
[LOG]# [2024:09:14:13-676]  ThreadID:1330 >>> Heartbeat response from the server : ms = 2.5268
<- - - - - - - - - - - - - - - - - - - - - - - - - - - - - - - - - - - - - - - - - - - - - - - - - - - - - - - - - - - - - - - - - - - - - - - - - - - - - - - - - - - - - - - - - - - - - - - ->
[LOG]# [2024:09:14:14-677]  ThreadID:1330 >>> Heartbeat response from the server : ms = 1.0007
<- - - - - - - - - - - - - - - - - - - - - - - - - - - - - - - - - - - - - - - - - - - - - - - - - - - - - - - - - - - - - - - - - - - - - - - - - - - - - - - - - - - - - - - - - - - - - - - ->
[LOG]# [2024:09:14:15-679]  ThreadID:1330 >>> Heartbeat response from the server : ms = 2.004
<- - - - - - - - - - - - - - - - - - - - - - - - - - - - - - - - - - - - - - - - - - - - - - - - - - - - - - - - - - - - - - - - - - - - - - - - - - - - - - - - - - - - - - - - - - - - - - - ->
[LOG]# [2024:09:14:16-679]  ThreadID:1330 >>> Heartbeat response from the server : ms = 2.0006
<- - - - - - - - - - - - - - - - - - - - - - - - - - - - - - - - - - - - - - - - - - - - - - - - - - - - - - - - - - - - - - - - - - - - - - - - - - - - - - - - - - - - - - - - - - - - - - - ->
[LOG]# [2024:09:14:17-682]  ThreadID:1330 >>> Heartbeat response from the server : ms = 2.0032
<- - - - - - - - - - - - - - - - - - - - - - - - - - - - - - - - - - - - - - - - - - - - - - - - - - - - - - - - - - - - - - - - - - - - - - - - - - - - - - - - - - - - - - - - - - - - - - - ->
[LOG]# [2024:09:14:18-684]  ThreadID:1330 >>> Heartbeat response from the server : ms = 1.5028
<- - - - - - - - - - - - - - - - - - - - - - - - - - - - - - - - - - - - - - - - - - - - - - - - - - - - - - - - - - - - - - - - - - - - - - - - - - - - - - - - - - - - - - - - - - - - - - - ->
[LOG]# [2024:09:14:19-687]  ThreadID:1330 >>> Heartbeat response from the server : ms = 1.1139
<- - - - - - - - - - - - - - - - - - - - - - - - - - - - - - - - - - - - - - - - - - - - - - - - - - - - - - - - - - - - - - - - - - - - - - - - - - - - - - - - - - - - - - - - - - - - - - - ->
[LOG]# [2024:09:14:19-921]  ThreadID:1 >>> Disconnect To Server
<- - - - - - - - - - - - - - - - - - - - - - - - - - - - - - - - - - - - - - - - - - - - - - - - - - - - - - - - - - - - - - - - - - - - - - - - - - - - - - - - - - - - - - - - - - - - - - - ->
[LOG]# [2024:09:14:19-952]  ThreadID:70 >>> Disconnect To Server
<- - - - - - - - - - - - - - - - - - - - - - - - - - - - - - - - - - - - - - - - - - - - - - - - - - - - - - - - - - - - - - - - - - - - - - - - - - - - - - - - - - - - - - - - - - - - - - - ->
